# Logfile created on 2024-04-07 12:24:31 +0000 by logger.rb/v1.5.3
I, [2024-04-07T12:24:31.725743 #1]  INFO -- : Using GitHub Features: Defaults
E, [2024-04-07T12:24:31.725832 #1] ERROR -- : There was an error extracting the Jenkins pipeline (shell-pipeline)
Message: Unable to parse Jenkins job URL. Ensure it is in the format of https://jenkins.xyz/job/:job_name
Jenkins URL provided: shell-pipeline
/usr/local/bundle/gems/actions_importer-1.3.22008/lib/valet/services/jenkins/job_url_parser.rb:26:in `rescue in call'
/usr/local/bundle/gems/actions_importer-1.3.22008/lib/valet/services/jenkins/job_url_parser.rb:7:in `call'
/usr/local/bundle/gems/actions_importer-1.3.22008/lib/valet/services/jenkins/extract_pipeline.rb:207:in `pipeline_slug'
/usr/local/bundle/gems/actions_importer-1.3.22008/lib/valet/services/jenkins/extract_pipeline.rb:20:in `call'
/usr/local/bundle/gems/actions_importer-1.3.22008/lib/valet/adapters/provider_resolver.rb:58:in `call'
/usr/local/bundle/gems/actions_importer-1.3.22008/lib/valet/commands/dry_run.rb:12:in `block in call'
/usr/local/bundle/gems/actions_importer-1.3.22008/lib/valet/logger.rb:96:in `with_progress_bar'
/usr/local/bundle/gems/actions_importer-1.3.22008/lib/valet/commands/dry_run.rb:11:in `call'
/usr/local/bundle/gems/actions_importer-1.3.22008/lib/valet/subcommands/dry_run.rb:31:in `jenkins'
/usr/local/bundle/gems/thor-1.2.2/lib/thor/command.rb:27:in `run'
/usr/local/bundle/gems/thor-1.2.2/lib/thor/invocation.rb:127:in `invoke_command'
/usr/local/bundle/gems/thor-1.2.2/lib/thor.rb:392:in `dispatch'
/usr/local/bundle/gems/thor-1.2.2/lib/thor/invocation.rb:116:in `invoke'
/usr/local/bundle/gems/thor-1.2.2/lib/thor.rb:243:in `block in subcommand'
/usr/local/bundle/gems/thor-1.2.2/lib/thor/command.rb:27:in `run'
/usr/local/bundle/gems/thor-1.2.2/lib/thor/invocation.rb:127:in `invoke_command'
/usr/local/bundle/gems/thor-1.2.2/lib/thor.rb:392:in `dispatch'
/usr/local/bundle/gems/thor-1.2.2/lib/thor/base.rb:485:in `start'
/usr/local/bundle/gems/actions_importer-1.3.22008/exe/actions-importer:19:in `<top (required)>'
/usr/local/bundle/bin/actions-importer:25:in `load'
/usr/local/bundle/bin/actions-importer:25:in `<main>'
I, [2024-04-07T12:24:31.777072 #1]  INFO -- request: GET https://api.github.com/user
I, [2024-04-07T12:24:31.890459 #1]  INFO -- response: Status 200
I, [2024-04-07T12:24:31.892467 #1]  INFO -- : Sending telemetry with transaction id 'ac7231e1-7adf-45b0-9707-07e066551809'
